0 info it worked if it ends with ok
1 verbose cli [ '/usr/local/bin/node', '/usr/local/bin/npm', 'run', 'build' ]
2 info using npm@3.10.8
3 info using node@v6.9.1
4 verbose run-script [ 'prebuild', 'build', 'postbuild' ]
5 info lifecycle React@1.0.0~prebuild: React@1.0.0
6 silly lifecycle React@1.0.0~prebuild: no script for prebuild, continuing
7 info lifecycle React@1.0.0~build: React@1.0.0
8 verbose lifecycle React@1.0.0~build: unsafe-perm in lifecycle true
9 verbose lifecycle React@1.0.0~build: PATH: /usr/local/lib/node_modules/npm/bin/node-gyp-bin:/Users/scottlindquist/Desktop/Development Projects/Darling-React/node_modules/.bin:/Users/scottlindquist/.rvm/gems/ruby-2.2.3/bin:/Users/scottlindquist/.rvm/gems/ruby-2.2.3@global/bin:/Users/scottlindquist/.rvm/rubies/ruby-2.2.3/bin:/Applications/Postgres.app/Contents/Versions/latest/bin:/usr/local:/usr/local/bin:/usr/local/sbin:/usr/bin:/usr/bin:/bin:/usr/sbin:/sbin:/usr/local/bin:/Users/scottlindquist/.rvm/bin
10 verbose lifecycle React@1.0.0~build: CWD: /Users/scottlindquist/Desktop/Development Projects/Darling-React
11 silly lifecycle React@1.0.0~build: Args: [ '-c', 'react-scripts build' ]
12 silly lifecycle React@1.0.0~build: Returned: code: 1  signal: null
13 info lifecycle React@1.0.0~build: Failed to exec build script
14 verbose stack Error: React@1.0.0 build: `react-scripts build`
14 verbose stack Exit status 1
14 verbose stack     at EventEmitter.<anonymous> (/usr/local/lib/node_modules/npm/lib/utils/lifecycle.js:255:16)
14 verbose stack     at emitTwo (events.js:106:13)
14 verbose stack     at EventEmitter.emit (events.js:191:7)
14 verbose stack     at ChildProcess.<anonymous> (/usr/local/lib/node_modules/npm/lib/utils/spawn.js:40:14)
14 verbose stack     at emitTwo (events.js:106:13)
14 verbose stack     at ChildProcess.emit (events.js:191:7)
14 verbose stack     at maybeClose (internal/child_process.js:877:16)
14 verbose stack     at Process.ChildProcess._handle.onexit (internal/child_process.js:226:5)
15 verbose pkgid React@1.0.0
16 verbose cwd /Users/scottlindquist/Desktop/Development Projects/Darling-React
17 error Darwin 15.6.0
18 error argv "/usr/local/bin/node" "/usr/local/bin/npm" "run" "build"
19 error node v6.9.1
20 error npm  v3.10.8
21 error code ELIFECYCLE
22 error React@1.0.0 build: `react-scripts build`
22 error Exit status 1
23 error Failed at the React@1.0.0 build script 'react-scripts build'.
23 error Make sure you have the latest version of node.js and npm installed.
23 error If you do, this is most likely a problem with the React package,
23 error not with npm itself.
23 error Tell the author that this fails on your system:
23 error     react-scripts build
23 error You can get information on how to open an issue for this project with:
23 error     npm bugs React
23 error Or if that isn't available, you can get their info via:
23 error     npm owner ls React
23 error There is likely additional logging output above.
24 verbose exit [ 1, true ]
